<?xml version="1.0" encoding="UTF-8"?>
<!-- Generated by org.testng.reporters.JUnitReportReporter -->
<testsuite skipped="0" hostname="LAPTOP-JEI8AS0O" name="testcases_testng.NewTest" tests="3" failures="0" timestamp="2020-05-10T13:33:29 EDT" time="0.017" errors="0">
  <testcase name="testThree" time="0.003" classname="testcases_testng.NewTest"/>
  <system-out/>
  <testcase name="testTwo" time="0.004" classname="testcases_testng.NewTest"/>
  <system-out/>
  <testcase name="testOne" time="0.010" classname="testcases_testng.NewTest"/>
  <system-out/>
</testsuite> <!-- testcases_testng.NewTest -->
